[?2026h[?25l[1Ggathering model components [K
using existing layer sha256:6681b640eb2e6cef0a87390df3576307ad883d88c46d95142da78fa31122a33d [K
using existing layer sha256:399a8a5a36db7e6f011306e5720ce0d84dcc6f7b71765a05c6e74e323b6965a2 [K
using existing layer sha256:24ca191a372b46ea0a07eaa1c5fdb3d983be200f32cc15dcc308fca1421c87d5 [K
using existing layer sha256:161e5d878840c25325b232fc8d3d67bc0b65d8cb81a36e8c6e7dfb609f48c5d2 [K
using existing layer sha256:fc1ffc71ab8ebabe8ec0177ea8ee41d1ea27db856636a517d54324eecdfb3f11 [K
using existing layer sha256:399a8a5a36db7e6f011306e5720ce0d84dcc6f7b71765a05c6e74e323b6965a2 [K
using existing layer sha256:24ca191a372b46ea0a07eaa1c5fdb3d983be200f32cc15dcc308fca1421c87d5 [K
creating new layer sha256:65e1955552c8c32f077c5877eb5c1f3023317175db889f12d932a4cd7af4fef9 [K
writing manifest [K
success [K[?25h[?2026l
[?2026h[?25l[1Ggathering model components [K
using existing layer sha256:6681b640eb2e6cef0a87390df3576307ad883d88c46d95142da78fa31122a33d [K
using existing layer sha256:399a8a5a36db7e6f011306e5720ce0d84dcc6f7b71765a05c6e74e323b6965a2 [K
using existing layer sha256:24ca191a372b46ea0a07eaa1c5fdb3d983be200f32cc15dcc308fca1421c87d5 [K
using existing layer sha256:161e5d878840c25325b232fc8d3d67bc0b65d8cb81a36e8c6e7dfb609f48c5d2 [K
using existing layer sha256:fc1ffc71ab8ebabe8ec0177ea8ee41d1ea27db856636a517d54324eecdfb3f11 [K
using existing layer sha256:399a8a5a36db7e6f011306e5720ce0d84dcc6f7b71765a05c6e74e323b6965a2 [K
using existing layer sha256:24ca191a372b46ea0a07eaa1c5fdb3d983be200f32cc15dcc308fca1421c87d5 [K
creating new layer sha256:277ba734284822189b94ec38b27d747c73ee33292c04bc8990f20221120ab933 [K
writing manifest [K
success [K[?25h[?2026l
[?2026h[?25l[1Ggathering model components [K
using existing layer sha256:6681b640eb2e6cef0a87390df3576307ad883d88c46d95142da78fa31122a33d [K
using existing layer sha256:399a8a5a36db7e6f011306e5720ce0d84dcc6f7b71765a05c6e74e323b6965a2 [K
using existing layer sha256:24ca191a372b46ea0a07eaa1c5fdb3d983be200f32cc15dcc308fca1421c87d5 [K
using existing layer sha256:161e5d878840c25325b232fc8d3d67bc0b65d8cb81a36e8c6e7dfb609f48c5d2 [K
using existing layer sha256:fc1ffc71ab8ebabe8ec0177ea8ee41d1ea27db856636a517d54324eecdfb3f11 [K
using existing layer sha256:399a8a5a36db7e6f011306e5720ce0d84dcc6f7b71765a05c6e74e323b6965a2 [K
using existing layer sha256:24ca191a372b46ea0a07eaa1c5fdb3d983be200f32cc15dcc308fca1421c87d5 [K
creating new layer sha256:da158d720c9bfe2189b812aad7c3a74eb24efde46f94885b80bc39838cd9983a [K
writing manifest [K
success [K[?25h[?2026l
[?2026h[?25l[1Ggathering model components [K
using existing layer sha256:6681b640eb2e6cef0a87390df3576307ad883d88c46d95142da78fa31122a33d [K
using existing layer sha256:399a8a5a36db7e6f011306e5720ce0d84dcc6f7b71765a05c6e74e323b6965a2 [K
using existing layer sha256:24ca191a372b46ea0a07eaa1c5fdb3d983be200f32cc15dcc308fca1421c87d5 [K
using existing layer sha256:161e5d878840c25325b232fc8d3d67bc0b65d8cb81a36e8c6e7dfb609f48c5d2 [K
using existing layer sha256:fc1ffc71ab8ebabe8ec0177ea8ee41d1ea27db856636a517d54324eecdfb3f11 [K
using existing layer sha256:399a8a5a36db7e6f011306e5720ce0d84dcc6f7b71765a05c6e74e323b6965a2 [K
using existing layer sha256:24ca191a372b46ea0a07eaa1c5fdb3d983be200f32cc15dcc308fca1421c87d5 [K
creating new layer sha256:a5736242307bb442b49ac6add8a78dfbf818ff90077402cf2c3c71e88a4dc9ee [K
writing manifest [K
success [K[?25h[?2026l
