[?2026h[?25l[1Ggathering model components [K
using existing layer sha256:9d507a36062c2845dd3bb3e93364e9abc1607118acd8650727a700f72fb126e5 [K
using existing layer sha256:399a8a5a36db7e6f011306e5720ce0d84dcc6f7b71765a05c6e74e323b6965a2 [K
using existing layer sha256:24ca191a372b46ea0a07eaa1c5fdb3d983be200f32cc15dcc308fca1421c87d5 [K
using existing layer sha256:399a8a5a36db7e6f011306e5720ce0d84dcc6f7b71765a05c6e74e323b6965a2 [K
using existing layer sha256:24ca191a372b46ea0a07eaa1c5fdb3d983be200f32cc15dcc308fca1421c87d5 [K
using existing layer sha256:399a8a5a36db7e6f011306e5720ce0d84dcc6f7b71765a05c6e74e323b6965a2 [K
using existing layer sha256:24ca191a372b46ea0a07eaa1c5fdb3d983be200f32cc15dcc308fca1421c87d5 [K
using existing layer sha256:161e5d878840c25325b232fc8d3d67bc0b65d8cb81a36e8c6e7dfb609f48c5d2 [K
using existing layer sha256:fc1ffc71ab8ebabe8ec0177ea8ee41d1ea27db856636a517d54324eecdfb3f11 [K
using existing layer sha256:399a8a5a36db7e6f011306e5720ce0d84dcc6f7b71765a05c6e74e323b6965a2 [K
using existing layer sha256:24ca191a372b46ea0a07eaa1c5fdb3d983be200f32cc15dcc308fca1421c87d5 [K
creating new layer sha256:65e1955552c8c32f077c5877eb5c1f3023317175db889f12d932a4cd7af4fef9 [K
writing manifest [K
success [K[?25h[?2026l
[?2026h[?25l[1Ggathering model components [K
using existing layer sha256:9d507a36062c2845dd3bb3e93364e9abc1607118acd8650727a700f72fb126e5 [K
using existing layer sha256:399a8a5a36db7e6f011306e5720ce0d84dcc6f7b71765a05c6e74e323b6965a2 [K
using existing layer sha256:24ca191a372b46ea0a07eaa1c5fdb3d983be200f32cc15dcc308fca1421c87d5 [K
using existing layer sha256:399a8a5a36db7e6f011306e5720ce0d84dcc6f7b71765a05c6e74e323b6965a2 [K
using existing layer sha256:24ca191a372b46ea0a07eaa1c5fdb3d983be200f32cc15dcc308fca1421c87d5 [K
using existing layer sha256:399a8a5a36db7e6f011306e5720ce0d84dcc6f7b71765a05c6e74e323b6965a2 [K
using existing layer sha256:24ca191a372b46ea0a07eaa1c5fdb3d983be200f32cc15dcc308fca1421c87d5 [K
using existing layer sha256:161e5d878840c25325b232fc8d3d67bc0b65d8cb81a36e8c6e7dfb609f48c5d2 [K
using existing layer sha256:fc1ffc71ab8ebabe8ec0177ea8ee41d1ea27db856636a517d54324eecdfb3f11 [K
using existing layer sha256:399a8a5a36db7e6f011306e5720ce0d84dcc6f7b71765a05c6e74e323b6965a2 [K
using existing layer sha256:24ca191a372b46ea0a07eaa1c5fdb3d983be200f32cc15dcc308fca1421c87d5 [K
creating new layer sha256:277ba734284822189b94ec38b27d747c73ee33292c04bc8990f20221120ab933 [K
writing manifest [K
success [K[?25h[?2026l
[?2026h[?25l[1Ggathering model components [K
using existing layer sha256:9d507a36062c2845dd3bb3e93364e9abc1607118acd8650727a700f72fb126e5 [K
using existing layer sha256:399a8a5a36db7e6f011306e5720ce0d84dcc6f7b71765a05c6e74e323b6965a2 [K
using existing layer sha256:24ca191a372b46ea0a07eaa1c5fdb3d983be200f32cc15dcc308fca1421c87d5 [K
using existing layer sha256:399a8a5a36db7e6f011306e5720ce0d84dcc6f7b71765a05c6e74e323b6965a2 [K
using existing layer sha256:24ca191a372b46ea0a07eaa1c5fdb3d983be200f32cc15dcc308fca1421c87d5 [K
using existing layer sha256:399a8a5a36db7e6f011306e5720ce0d84dcc6f7b71765a05c6e74e323b6965a2 [K
using existing layer sha256:24ca191a372b46ea0a07eaa1c5fdb3d983be200f32cc15dcc308fca1421c87d5 [K
using existing layer sha256:161e5d878840c25325b232fc8d3d67bc0b65d8cb81a36e8c6e7dfb609f48c5d2 [K
using existing layer sha256:fc1ffc71ab8ebabe8ec0177ea8ee41d1ea27db856636a517d54324eecdfb3f11 [K
using existing layer sha256:399a8a5a36db7e6f011306e5720ce0d84dcc6f7b71765a05c6e74e323b6965a2 [K
using existing layer sha256:24ca191a372b46ea0a07eaa1c5fdb3d983be200f32cc15dcc308fca1421c87d5 [K
creating new layer sha256:da158d720c9bfe2189b812aad7c3a74eb24efde46f94885b80bc39838cd9983a [K
writing manifest [K
success [K[?25h[?2026l
[?2026h[?25l[1Ggathering model components [K
using existing layer sha256:9d507a36062c2845dd3bb3e93364e9abc1607118acd8650727a700f72fb126e5 [K
using existing layer sha256:399a8a5a36db7e6f011306e5720ce0d84dcc6f7b71765a05c6e74e323b6965a2 [K
using existing layer sha256:24ca191a372b46ea0a07eaa1c5fdb3d983be200f32cc15dcc308fca1421c87d5 [K
using existing layer sha256:399a8a5a36db7e6f011306e5720ce0d84dcc6f7b71765a05c6e74e323b6965a2 [K
using existing layer sha256:24ca191a372b46ea0a07eaa1c5fdb3d983be200f32cc15dcc308fca1421c87d5 [K
using existing layer sha256:399a8a5a36db7e6f011306e5720ce0d84dcc6f7b71765a05c6e74e323b6965a2 [K
using existing layer sha256:24ca191a372b46ea0a07eaa1c5fdb3d983be200f32cc15dcc308fca1421c87d5 [K
using existing layer sha256:161e5d878840c25325b232fc8d3d67bc0b65d8cb81a36e8c6e7dfb609f48c5d2 [K
using existing layer sha256:fc1ffc71ab8ebabe8ec0177ea8ee41d1ea27db856636a517d54324eecdfb3f11 [K
using existing layer sha256:399a8a5a36db7e6f011306e5720ce0d84dcc6f7b71765a05c6e74e323b6965a2 [K
using existing layer sha256:24ca191a372b46ea0a07eaa1c5fdb3d983be200f32cc15dcc308fca1421c87d5 [K
creating new layer sha256:a5736242307bb442b49ac6add8a78dfbf818ff90077402cf2c3c71e88a4dc9ee [K
writing manifest [K
success [K[?25h[?2026l
[?2026h[?25l[1Ggathering model components [K
using existing layer sha256:9d507a36062c2845dd3bb3e93364e9abc1607118acd8650727a700f72fb126e5 [K
using existing layer sha256:399a8a5a36db7e6f011306e5720ce0d84dcc6f7b71765a05c6e74e323b6965a2 [K
using existing layer sha256:24ca191a372b46ea0a07eaa1c5fdb3d983be200f32cc15dcc308fca1421c87d5 [K
using existing layer sha256:399a8a5a36db7e6f011306e5720ce0d84dcc6f7b71765a05c6e74e323b6965a2 [K
using existing layer sha256:24ca191a372b46ea0a07eaa1c5fdb3d983be200f32cc15dcc308fca1421c87d5 [K
using existing layer sha256:399a8a5a36db7e6f011306e5720ce0d84dcc6f7b71765a05c6e74e323b6965a2 [K
using existing layer sha256:24ca191a372b46ea0a07eaa1c5fdb3d983be200f32cc15dcc308fca1421c87d5 [K
using existing layer sha256:161e5d878840c25325b232fc8d3d67bc0b65d8cb81a36e8c6e7dfb609f48c5d2 [K
using existing layer sha256:fc1ffc71ab8ebabe8ec0177ea8ee41d1ea27db856636a517d54324eecdfb3f11 [K
using existing layer sha256:399a8a5a36db7e6f011306e5720ce0d84dcc6f7b71765a05c6e74e323b6965a2 [K
using existing layer sha256:24ca191a372b46ea0a07eaa1c5fdb3d983be200f32cc15dcc308fca1421c87d5 [K
creating new layer sha256:40d709d1a653105501667580a941f4e15c3bf885c57d13b69d21aef8d5aaab35 [K
writing manifest [K
success [K[?25h[?2026l
[?2026h[?25l[1Ggathering model components [K
using existing layer sha256:9d507a36062c2845dd3bb3e93364e9abc1607118acd8650727a700f72fb126e5 [K
using existing layer sha256:399a8a5a36db7e6f011306e5720ce0d84dcc6f7b71765a05c6e74e323b6965a2 [K
using existing layer sha256:24ca191a372b46ea0a07eaa1c5fdb3d983be200f32cc15dcc308fca1421c87d5 [K
using existing layer sha256:399a8a5a36db7e6f011306e5720ce0d84dcc6f7b71765a05c6e74e323b6965a2 [K
using existing layer sha256:24ca191a372b46ea0a07eaa1c5fdb3d983be200f32cc15dcc308fca1421c87d5 [K
using existing layer sha256:399a8a5a36db7e6f011306e5720ce0d84dcc6f7b71765a05c6e74e323b6965a2 [K
using existing layer sha256:24ca191a372b46ea0a07eaa1c5fdb3d983be200f32cc15dcc308fca1421c87d5 [K
using existing layer sha256:161e5d878840c25325b232fc8d3d67bc0b65d8cb81a36e8c6e7dfb609f48c5d2 [K
using existing layer sha256:fc1ffc71ab8ebabe8ec0177ea8ee41d1ea27db856636a517d54324eecdfb3f11 [K
using existing layer sha256:399a8a5a36db7e6f011306e5720ce0d84dcc6f7b71765a05c6e74e323b6965a2 [K
using existing layer sha256:24ca191a372b46ea0a07eaa1c5fdb3d983be200f32cc15dcc308fca1421c87d5 [K
creating new layer sha256:e29460215be95479ff84b9cad46dd606d49fda38997a6cdcd6a224e8277d1588 [K
writing manifest [K
success [K[?25h[?2026l
[?2026h[?25l[1Ggathering model components [K
using existing layer sha256:9d507a36062c2845dd3bb3e93364e9abc1607118acd8650727a700f72fb126e5 [K
using existing layer sha256:399a8a5a36db7e6f011306e5720ce0d84dcc6f7b71765a05c6e74e323b6965a2 [K
using existing layer sha256:24ca191a372b46ea0a07eaa1c5fdb3d983be200f32cc15dcc308fca1421c87d5 [K
using existing layer sha256:399a8a5a36db7e6f011306e5720ce0d84dcc6f7b71765a05c6e74e323b6965a2 [K
using existing layer sha256:24ca191a372b46ea0a07eaa1c5fdb3d983be200f32cc15dcc308fca1421c87d5 [K
using existing layer sha256:399a8a5a36db7e6f011306e5720ce0d84dcc6f7b71765a05c6e74e323b6965a2 [K
using existing layer sha256:24ca191a372b46ea0a07eaa1c5fdb3d983be200f32cc15dcc308fca1421c87d5 [K
using existing layer sha256:161e5d878840c25325b232fc8d3d67bc0b65d8cb81a36e8c6e7dfb609f48c5d2 [K
using existing layer sha256:fc1ffc71ab8ebabe8ec0177ea8ee41d1ea27db856636a517d54324eecdfb3f11 [K
using existing layer sha256:399a8a5a36db7e6f011306e5720ce0d84dcc6f7b71765a05c6e74e323b6965a2 [K
using existing layer sha256:24ca191a372b46ea0a07eaa1c5fdb3d983be200f32cc15dcc308fca1421c87d5 [K
creating new layer sha256:86e18db81592cffd4b4cdd1cc9550bc19ad176f302c02091cc4ee3c8d584ab0a [K
writing manifest [K
success [K[?25h[?2026l
[?2026h[?25l[1Ggathering model components [K
using existing layer sha256:9d507a36062c2845dd3bb3e93364e9abc1607118acd8650727a700f72fb126e5 [K
using existing layer sha256:399a8a5a36db7e6f011306e5720ce0d84dcc6f7b71765a05c6e74e323b6965a2 [K
using existing layer sha256:24ca191a372b46ea0a07eaa1c5fdb3d983be200f32cc15dcc308fca1421c87d5 [K
using existing layer sha256:399a8a5a36db7e6f011306e5720ce0d84dcc6f7b71765a05c6e74e323b6965a2 [K
using existing layer sha256:24ca191a372b46ea0a07eaa1c5fdb3d983be200f32cc15dcc308fca1421c87d5 [K
using existing layer sha256:399a8a5a36db7e6f011306e5720ce0d84dcc6f7b71765a05c6e74e323b6965a2 [K
using existing layer sha256:24ca191a372b46ea0a07eaa1c5fdb3d983be200f32cc15dcc308fca1421c87d5 [K
using existing layer sha256:161e5d878840c25325b232fc8d3d67bc0b65d8cb81a36e8c6e7dfb609f48c5d2 [K
using existing layer sha256:fc1ffc71ab8ebabe8ec0177ea8ee41d1ea27db856636a517d54324eecdfb3f11 [K
using existing layer sha256:399a8a5a36db7e6f011306e5720ce0d84dcc6f7b71765a05c6e74e323b6965a2 [K
using existing layer sha256:24ca191a372b46ea0a07eaa1c5fdb3d983be200f32cc15dcc308fca1421c87d5 [K
using existing layer sha256:303bf02c57414b48fda47c327763b9b22f71ebfae20005def4ff3af9014dde0e [K
writing manifest [K
success [K[?25h[?2026l
[?2026h[?25l[1Ggathering model components [K
using existing layer sha256:9d507a36062c2845dd3bb3e93364e9abc1607118acd8650727a700f72fb126e5 [K
using existing layer sha256:399a8a5a36db7e6f011306e5720ce0d84dcc6f7b71765a05c6e74e323b6965a2 [K
using existing layer sha256:24ca191a372b46ea0a07eaa1c5fdb3d983be200f32cc15dcc308fca1421c87d5 [K
using existing layer sha256:399a8a5a36db7e6f011306e5720ce0d84dcc6f7b71765a05c6e74e323b6965a2 [K
using existing layer sha256:24ca191a372b46ea0a07eaa1c5fdb3d983be200f32cc15dcc308fca1421c87d5 [K
using existing layer sha256:399a8a5a36db7e6f011306e5720ce0d84dcc6f7b71765a05c6e74e323b6965a2 [K
using existing layer sha256:24ca191a372b46ea0a07eaa1c5fdb3d983be200f32cc15dcc308fca1421c87d5 [K
using existing layer sha256:161e5d878840c25325b232fc8d3d67bc0b65d8cb81a36e8c6e7dfb609f48c5d2 [K
using existing layer sha256:fc1ffc71ab8ebabe8ec0177ea8ee41d1ea27db856636a517d54324eecdfb3f11 [K
using existing layer sha256:399a8a5a36db7e6f011306e5720ce0d84dcc6f7b71765a05c6e74e323b6965a2 [K
using existing layer sha256:24ca191a372b46ea0a07eaa1c5fdb3d983be200f32cc15dcc308fca1421c87d5 [K
using existing layer sha256:cc10aef6dc68a1728ffc5529e52e5f974138904384f48116143f646d0e9c2ee0 [K
writing manifest [K
success [K[?25h[?2026l
[?2026h[?25l[1Ggathering model components [K
using existing layer sha256:9d507a36062c2845dd3bb3e93364e9abc1607118acd8650727a700f72fb126e5 [K
using existing layer sha256:399a8a5a36db7e6f011306e5720ce0d84dcc6f7b71765a05c6e74e323b6965a2 [K
using existing layer sha256:24ca191a372b46ea0a07eaa1c5fdb3d983be200f32cc15dcc308fca1421c87d5 [K
using existing layer sha256:399a8a5a36db7e6f011306e5720ce0d84dcc6f7b71765a05c6e74e323b6965a2 [K
using existing layer sha256:24ca191a372b46ea0a07eaa1c5fdb3d983be200f32cc15dcc308fca1421c87d5 [K
using existing layer sha256:399a8a5a36db7e6f011306e5720ce0d84dcc6f7b71765a05c6e74e323b6965a2 [K
using existing layer sha256:24ca191a372b46ea0a07eaa1c5fdb3d983be200f32cc15dcc308fca1421c87d5 [K
using existing layer sha256:161e5d878840c25325b232fc8d3d67bc0b65d8cb81a36e8c6e7dfb609f48c5d2 [K
using existing layer sha256:fc1ffc71ab8ebabe8ec0177ea8ee41d1ea27db856636a517d54324eecdfb3f11 [K
using existing layer sha256:399a8a5a36db7e6f011306e5720ce0d84dcc6f7b71765a05c6e74e323b6965a2 [K
using existing layer sha256:24ca191a372b46ea0a07eaa1c5fdb3d983be200f32cc15dcc308fca1421c87d5 [K
creating new layer sha256:65e1955552c8c32f077c5877eb5c1f3023317175db889f12d932a4cd7af4fef9 [K
writing manifest [K
success [K[?25h[?2026l
[?2026h[?25l[1Ggathering model components [K
using existing layer sha256:9d507a36062c2845dd3bb3e93364e9abc1607118acd8650727a700f72fb126e5 [K
using existing layer sha256:399a8a5a36db7e6f011306e5720ce0d84dcc6f7b71765a05c6e74e323b6965a2 [K
using existing layer sha256:24ca191a372b46ea0a07eaa1c5fdb3d983be200f32cc15dcc308fca1421c87d5 [K
using existing layer sha256:399a8a5a36db7e6f011306e5720ce0d84dcc6f7b71765a05c6e74e323b6965a2 [K
using existing layer sha256:24ca191a372b46ea0a07eaa1c5fdb3d983be200f32cc15dcc308fca1421c87d5 [K
using existing layer sha256:399a8a5a36db7e6f011306e5720ce0d84dcc6f7b71765a05c6e74e323b6965a2 [K
using existing layer sha256:24ca191a372b46ea0a07eaa1c5fdb3d983be200f32cc15dcc308fca1421c87d5 [K
using existing layer sha256:161e5d878840c25325b232fc8d3d67bc0b65d8cb81a36e8c6e7dfb609f48c5d2 [K
using existing layer sha256:fc1ffc71ab8ebabe8ec0177ea8ee41d1ea27db856636a517d54324eecdfb3f11 [K
using existing layer sha256:399a8a5a36db7e6f011306e5720ce0d84dcc6f7b71765a05c6e74e323b6965a2 [K
using existing layer sha256:24ca191a372b46ea0a07eaa1c5fdb3d983be200f32cc15dcc308fca1421c87d5 [K
creating new layer sha256:277ba734284822189b94ec38b27d747c73ee33292c04bc8990f20221120ab933 [K
writing manifest [K
success [K[?25h[?2026l
[?2026h[?25l[1Ggathering model components [K
using existing layer sha256:9d507a36062c2845dd3bb3e93364e9abc1607118acd8650727a700f72fb126e5 [K
using existing layer sha256:399a8a5a36db7e6f011306e5720ce0d84dcc6f7b71765a05c6e74e323b6965a2 [K
using existing layer sha256:24ca191a372b46ea0a07eaa1c5fdb3d983be200f32cc15dcc308fca1421c87d5 [K
using existing layer sha256:399a8a5a36db7e6f011306e5720ce0d84dcc6f7b71765a05c6e74e323b6965a2 [K
using existing layer sha256:24ca191a372b46ea0a07eaa1c5fdb3d983be200f32cc15dcc308fca1421c87d5 [K
using existing layer sha256:399a8a5a36db7e6f011306e5720ce0d84dcc6f7b71765a05c6e74e323b6965a2 [K
using existing layer sha256:24ca191a372b46ea0a07eaa1c5fdb3d983be200f32cc15dcc308fca1421c87d5 [K
using existing layer sha256:161e5d878840c25325b232fc8d3d67bc0b65d8cb81a36e8c6e7dfb609f48c5d2 [K
using existing layer sha256:fc1ffc71ab8ebabe8ec0177ea8ee41d1ea27db856636a517d54324eecdfb3f11 [K
using existing layer sha256:399a8a5a36db7e6f011306e5720ce0d84dcc6f7b71765a05c6e74e323b6965a2 [K
using existing layer sha256:24ca191a372b46ea0a07eaa1c5fdb3d983be200f32cc15dcc308fca1421c87d5 [K
creating new layer sha256:da158d720c9bfe2189b812aad7c3a74eb24efde46f94885b80bc39838cd9983a [K
writing manifest [K
success [K[?25h[?2026l
[?2026h[?25l[1Ggathering model components [K
using existing layer sha256:9d507a36062c2845dd3bb3e93364e9abc1607118acd8650727a700f72fb126e5 [K
using existing layer sha256:399a8a5a36db7e6f011306e5720ce0d84dcc6f7b71765a05c6e74e323b6965a2 [K
using existing layer sha256:24ca191a372b46ea0a07eaa1c5fdb3d983be200f32cc15dcc308fca1421c87d5 [K
using existing layer sha256:399a8a5a36db7e6f011306e5720ce0d84dcc6f7b71765a05c6e74e323b6965a2 [K
using existing layer sha256:24ca191a372b46ea0a07eaa1c5fdb3d983be200f32cc15dcc308fca1421c87d5 [K
using existing layer sha256:399a8a5a36db7e6f011306e5720ce0d84dcc6f7b71765a05c6e74e323b6965a2 [K
using existing layer sha256:24ca191a372b46ea0a07eaa1c5fdb3d983be200f32cc15dcc308fca1421c87d5 [K
using existing layer sha256:161e5d878840c25325b232fc8d3d67bc0b65d8cb81a36e8c6e7dfb609f48c5d2 [K
using existing layer sha256:fc1ffc71ab8ebabe8ec0177ea8ee41d1ea27db856636a517d54324eecdfb3f11 [K
using existing layer sha256:399a8a5a36db7e6f011306e5720ce0d84dcc6f7b71765a05c6e74e323b6965a2 [K
using existing layer sha256:24ca191a372b46ea0a07eaa1c5fdb3d983be200f32cc15dcc308fca1421c87d5 [K
creating new layer sha256:a5736242307bb442b49ac6add8a78dfbf818ff90077402cf2c3c71e88a4dc9ee [K
writing manifest [K
success [K[?25h[?2026l
[?2026h[?25l[1Ggathering model components [K
using existing layer sha256:9d507a36062c2845dd3bb3e93364e9abc1607118acd8650727a700f72fb126e5 [K
using existing layer sha256:399a8a5a36db7e6f011306e5720ce0d84dcc6f7b71765a05c6e74e323b6965a2 [K
using existing layer sha256:24ca191a372b46ea0a07eaa1c5fdb3d983be200f32cc15dcc308fca1421c87d5 [K
using existing layer sha256:399a8a5a36db7e6f011306e5720ce0d84dcc6f7b71765a05c6e74e323b6965a2 [K
using existing layer sha256:24ca191a372b46ea0a07eaa1c5fdb3d983be200f32cc15dcc308fca1421c87d5 [K
using existing layer sha256:399a8a5a36db7e6f011306e5720ce0d84dcc6f7b71765a05c6e74e323b6965a2 [K
using existing layer sha256:24ca191a372b46ea0a07eaa1c5fdb3d983be200f32cc15dcc308fca1421c87d5 [K
using existing layer sha256:161e5d878840c25325b232fc8d3d67bc0b65d8cb81a36e8c6e7dfb609f48c5d2 [K
using existing layer sha256:fc1ffc71ab8ebabe8ec0177ea8ee41d1ea27db856636a517d54324eecdfb3f11 [K
using existing layer sha256:399a8a5a36db7e6f011306e5720ce0d84dcc6f7b71765a05c6e74e323b6965a2 [K
using existing layer sha256:24ca191a372b46ea0a07eaa1c5fdb3d983be200f32cc15dcc308fca1421c87d5 [K
creating new layer sha256:40d709d1a653105501667580a941f4e15c3bf885c57d13b69d21aef8d5aaab35 [K
writing manifest [K
success [K[?25h[?2026l
[?2026h[?25l[1Ggathering model components [K
using existing layer sha256:9d507a36062c2845dd3bb3e93364e9abc1607118acd8650727a700f72fb126e5 [K
using existing layer sha256:399a8a5a36db7e6f011306e5720ce0d84dcc6f7b71765a05c6e74e323b6965a2 [K
using existing layer sha256:24ca191a372b46ea0a07eaa1c5fdb3d983be200f32cc15dcc308fca1421c87d5 [K
using existing layer sha256:399a8a5a36db7e6f011306e5720ce0d84dcc6f7b71765a05c6e74e323b6965a2 [K
using existing layer sha256:24ca191a372b46ea0a07eaa1c5fdb3d983be200f32cc15dcc308fca1421c87d5 [K
using existing layer sha256:399a8a5a36db7e6f011306e5720ce0d84dcc6f7b71765a05c6e74e323b6965a2 [K
using existing layer sha256:24ca191a372b46ea0a07eaa1c5fdb3d983be200f32cc15dcc308fca1421c87d5 [K
using existing layer sha256:161e5d878840c25325b232fc8d3d67bc0b65d8cb81a36e8c6e7dfb609f48c5d2 [K
using existing layer sha256:fc1ffc71ab8ebabe8ec0177ea8ee41d1ea27db856636a517d54324eecdfb3f11 [K
using existing layer sha256:399a8a5a36db7e6f011306e5720ce0d84dcc6f7b71765a05c6e74e323b6965a2 [K
using existing layer sha256:24ca191a372b46ea0a07eaa1c5fdb3d983be200f32cc15dcc308fca1421c87d5 [K
creating new layer sha256:e29460215be95479ff84b9cad46dd606d49fda38997a6cdcd6a224e8277d1588 [K
writing manifest [K
success [K[?25h[?2026l
[?2026h[?25l[1Ggathering model components [K
using existing layer sha256:9d507a36062c2845dd3bb3e93364e9abc1607118acd8650727a700f72fb126e5 [K
using existing layer sha256:399a8a5a36db7e6f011306e5720ce0d84dcc6f7b71765a05c6e74e323b6965a2 [K
using existing layer sha256:24ca191a372b46ea0a07eaa1c5fdb3d983be200f32cc15dcc308fca1421c87d5 [K
using existing layer sha256:399a8a5a36db7e6f011306e5720ce0d84dcc6f7b71765a05c6e74e323b6965a2 [K
using existing layer sha256:24ca191a372b46ea0a07eaa1c5fdb3d983be200f32cc15dcc308fca1421c87d5 [K
using existing layer sha256:399a8a5a36db7e6f011306e5720ce0d84dcc6f7b71765a05c6e74e323b6965a2 [K
using existing layer sha256:24ca191a372b46ea0a07eaa1c5fdb3d983be200f32cc15dcc308fca1421c87d5 [K
using existing layer sha256:161e5d878840c25325b232fc8d3d67bc0b65d8cb81a36e8c6e7dfb609f48c5d2 [K
using existing layer sha256:fc1ffc71ab8ebabe8ec0177ea8ee41d1ea27db856636a517d54324eecdfb3f11 [K
using existing layer sha256:399a8a5a36db7e6f011306e5720ce0d84dcc6f7b71765a05c6e74e323b6965a2 [K
using existing layer sha256:24ca191a372b46ea0a07eaa1c5fdb3d983be200f32cc15dcc308fca1421c87d5 [K
creating new layer sha256:86e18db81592cffd4b4cdd1cc9550bc19ad176f302c02091cc4ee3c8d584ab0a [K
writing manifest [K
success [K[?25h[?2026l
[?2026h[?25l[1Ggathering model components [K
using existing layer sha256:9d507a36062c2845dd3bb3e93364e9abc1607118acd8650727a700f72fb126e5 [K
using existing layer sha256:399a8a5a36db7e6f011306e5720ce0d84dcc6f7b71765a05c6e74e323b6965a2 [K
using existing layer sha256:24ca191a372b46ea0a07eaa1c5fdb3d983be200f32cc15dcc308fca1421c87d5 [K
using existing layer sha256:399a8a5a36db7e6f011306e5720ce0d84dcc6f7b71765a05c6e74e323b6965a2 [K
using existing layer sha256:24ca191a372b46ea0a07eaa1c5fdb3d983be200f32cc15dcc308fca1421c87d5 [K
using existing layer sha256:399a8a5a36db7e6f011306e5720ce0d84dcc6f7b71765a05c6e74e323b6965a2 [K
using existing layer sha256:24ca191a372b46ea0a07eaa1c5fdb3d983be200f32cc15dcc308fca1421c87d5 [K
using existing layer sha256:161e5d878840c25325b232fc8d3d67bc0b65d8cb81a36e8c6e7dfb609f48c5d2 [K
using existing layer sha256:fc1ffc71ab8ebabe8ec0177ea8ee41d1ea27db856636a517d54324eecdfb3f11 [K
using existing layer sha256:399a8a5a36db7e6f011306e5720ce0d84dcc6f7b71765a05c6e74e323b6965a2 [K
using existing layer sha256:24ca191a372b46ea0a07eaa1c5fdb3d983be200f32cc15dcc308fca1421c87d5 [K
using existing layer sha256:303bf02c57414b48fda47c327763b9b22f71ebfae20005def4ff3af9014dde0e [K
writing manifest [K
success [K[?25h[?2026l
[?2026h[?25l[1Ggathering model components [K
using existing layer sha256:9d507a36062c2845dd3bb3e93364e9abc1607118acd8650727a700f72fb126e5 [K
using existing layer sha256:399a8a5a36db7e6f011306e5720ce0d84dcc6f7b71765a05c6e74e323b6965a2 [K
using existing layer sha256:24ca191a372b46ea0a07eaa1c5fdb3d983be200f32cc15dcc308fca1421c87d5 [K
using existing layer sha256:399a8a5a36db7e6f011306e5720ce0d84dcc6f7b71765a05c6e74e323b6965a2 [K
using existing layer sha256:24ca191a372b46ea0a07eaa1c5fdb3d983be200f32cc15dcc308fca1421c87d5 [K
using existing layer sha256:399a8a5a36db7e6f011306e5720ce0d84dcc6f7b71765a05c6e74e323b6965a2 [K
using existing layer sha256:24ca191a372b46ea0a07eaa1c5fdb3d983be200f32cc15dcc308fca1421c87d5 [K
using existing layer sha256:161e5d878840c25325b232fc8d3d67bc0b65d8cb81a36e8c6e7dfb609f48c5d2 [K
using existing layer sha256:fc1ffc71ab8ebabe8ec0177ea8ee41d1ea27db856636a517d54324eecdfb3f11 [K
using existing layer sha256:399a8a5a36db7e6f011306e5720ce0d84dcc6f7b71765a05c6e74e323b6965a2 [K
using existing layer sha256:24ca191a372b46ea0a07eaa1c5fdb3d983be200f32cc15dcc308fca1421c87d5 [K
using existing layer sha256:cc10aef6dc68a1728ffc5529e52e5f974138904384f48116143f646d0e9c2ee0 [K
writing manifest [K
success [K[?25h[?2026l
[?2026h[?25l[1Ggathering model components [K
using existing layer sha256:4cd576d9aa16961244012223abf01445567b061f1814b57dfef699e4cf8df339 [K
using existing layer sha256:c5ad996bda6eed4df6e3b605a9869647624851ac248209d22fd5e2c0cc1121d3 [K
using existing layer sha256:6e4c38e1172f42fdbff13edf9a7a017679fb82b0fde415a3e8b3c31c6ed4a4e4 [K
creating new layer sha256:38e0d10f204a0a2f2237af3ae5a042431102641a0687199f94af52506331c95e [K
writing manifest [K
success [K[?25h[?2026l
[?2026h[?25l[1Ggathering model components [K
using existing layer sha256:4cd576d9aa16961244012223abf01445567b061f1814b57dfef699e4cf8df339 [K
using existing layer sha256:c5ad996bda6eed4df6e3b605a9869647624851ac248209d22fd5e2c0cc1121d3 [K
using existing layer sha256:6e4c38e1172f42fdbff13edf9a7a017679fb82b0fde415a3e8b3c31c6ed4a4e4 [K
creating new layer sha256:84c344aa921af6429ce3a5bbc1880537cb93076d5be7f4d065061b96d93006d2 [K
writing manifest [K
success [K[?25h[?2026l
[?2026h[?25l[1Ggathering model components [K
using existing layer sha256:4cd576d9aa16961244012223abf01445567b061f1814b57dfef699e4cf8df339 [K
using existing layer sha256:c5ad996bda6eed4df6e3b605a9869647624851ac248209d22fd5e2c0cc1121d3 [K
using existing layer sha256:6e4c38e1172f42fdbff13edf9a7a017679fb82b0fde415a3e8b3c31c6ed4a4e4 [K
creating new layer sha256:2c053bf5aced252cd9b71d8af287f5807357a8d1027118e24c7a2e6b1a0375cd [K
writing manifest [K
success [K[?25h[?2026l
[?2026h[?25l[1Ggathering model components [K
using existing layer sha256:4cd576d9aa16961244012223abf01445567b061f1814b57dfef699e4cf8df339 [K
using existing layer sha256:c5ad996bda6eed4df6e3b605a9869647624851ac248209d22fd5e2c0cc1121d3 [K
using existing layer sha256:6e4c38e1172f42fdbff13edf9a7a017679fb82b0fde415a3e8b3c31c6ed4a4e4 [K
using existing layer sha256:6fe220f207df97400720f9c561457c92b2c67eca5dd7314ccace825d558018da [K
writing manifest [K
success [K[?25h[?2026l
[?2026h[?25l[1Ggathering model components [K
using existing layer sha256:4cd576d9aa16961244012223abf01445567b061f1814b57dfef699e4cf8df339 [K
using existing layer sha256:c5ad996bda6eed4df6e3b605a9869647624851ac248209d22fd5e2c0cc1121d3 [K
using existing layer sha256:6e4c38e1172f42fdbff13edf9a7a017679fb82b0fde415a3e8b3c31c6ed4a4e4 [K
using existing layer sha256:ceae0167665ad64f5adf7c77c9fc647c3b17ffc79745b4c8bc941275a11ff282 [K
writing manifest [K
success [K[?25h[?2026l
[?2026h[?25l[1Ggathering model components [K
using existing layer sha256:4cd576d9aa16961244012223abf01445567b061f1814b57dfef699e4cf8df339 [K
using existing layer sha256:c5ad996bda6eed4df6e3b605a9869647624851ac248209d22fd5e2c0cc1121d3 [K
using existing layer sha256:6e4c38e1172f42fdbff13edf9a7a017679fb82b0fde415a3e8b3c31c6ed4a4e4 [K
using existing layer sha256:aab9f3eba5b1f7bf09b1c34a7ab8ee1cebb5403af38add50757ce7ce93a803d1 [K
writing manifest [K
success [K[?25h[?2026l
[?2026h[?25l[1Ggathering model components [K
using existing layer sha256:4cd576d9aa16961244012223abf01445567b061f1814b57dfef699e4cf8df339 [K
using existing layer sha256:c5ad996bda6eed4df6e3b605a9869647624851ac248209d22fd5e2c0cc1121d3 [K
using existing layer sha256:6e4c38e1172f42fdbff13edf9a7a017679fb82b0fde415a3e8b3c31c6ed4a4e4 [K
using existing layer sha256:81ebeecfe265cc7b68ecc8632354bbca33c2a1f6e2ba59c14c81ebe184d9f52f [K
writing manifest [K
success [K[?25h[?2026l
[?2026h[?25l[1Ggathering model components [K
using existing layer sha256:4cd576d9aa16961244012223abf01445567b061f1814b57dfef699e4cf8df339 [K
using existing layer sha256:c5ad996bda6eed4df6e3b605a9869647624851ac248209d22fd5e2c0cc1121d3 [K
using existing layer sha256:6e4c38e1172f42fdbff13edf9a7a017679fb82b0fde415a3e8b3c31c6ed4a4e4 [K
using existing layer sha256:9d8fa65bdbaa1878f2ff1e5b552bb7b4cdd4c7e97a861487099036381e80482f [K
writing manifest [K
success [K[?25h[?2026l
[?2026h[?25l[1Ggathering model components [K
using existing layer sha256:4cd576d9aa16961244012223abf01445567b061f1814b57dfef699e4cf8df339 [K
using existing layer sha256:c5ad996bda6eed4df6e3b605a9869647624851ac248209d22fd5e2c0cc1121d3 [K
using existing layer sha256:6e4c38e1172f42fdbff13edf9a7a017679fb82b0fde415a3e8b3c31c6ed4a4e4 [K
creating new layer sha256:c8c0973dd7d0301c430db6dd3bb178a27249dd54b0c256bdd5e54c94a2cfa53e [K
writing manifest [K
success [K[?25h[?2026l
[?2026h[?25l[1Ggathering model components [K
using existing layer sha256:4cd576d9aa16961244012223abf01445567b061f1814b57dfef699e4cf8df339 [K
using existing layer sha256:c5ad996bda6eed4df6e3b605a9869647624851ac248209d22fd5e2c0cc1121d3 [K
using existing layer sha256:6e4c38e1172f42fdbff13edf9a7a017679fb82b0fde415a3e8b3c31c6ed4a4e4 [K
creating new layer sha256:38e0d10f204a0a2f2237af3ae5a042431102641a0687199f94af52506331c95e [K
writing manifest [K
success [K[?25h[?2026l
[?2026h[?25l[1Ggathering model components [K
using existing layer sha256:4cd576d9aa16961244012223abf01445567b061f1814b57dfef699e4cf8df339 [K
using existing layer sha256:c5ad996bda6eed4df6e3b605a9869647624851ac248209d22fd5e2c0cc1121d3 [K
using existing layer sha256:6e4c38e1172f42fdbff13edf9a7a017679fb82b0fde415a3e8b3c31c6ed4a4e4 [K
creating new layer sha256:84c344aa921af6429ce3a5bbc1880537cb93076d5be7f4d065061b96d93006d2 [K
writing manifest [K
success [K[?25h[?2026l
[?2026h[?25l[1Ggathering model components [K
using existing layer sha256:4cd576d9aa16961244012223abf01445567b061f1814b57dfef699e4cf8df339 [K
using existing layer sha256:c5ad996bda6eed4df6e3b605a9869647624851ac248209d22fd5e2c0cc1121d3 [K
using existing layer sha256:6e4c38e1172f42fdbff13edf9a7a017679fb82b0fde415a3e8b3c31c6ed4a4e4 [K
creating new layer sha256:2c053bf5aced252cd9b71d8af287f5807357a8d1027118e24c7a2e6b1a0375cd [K
writing manifest [K
success [K[?25h[?2026l
[?2026h[?25l[1Ggathering model components [K
using existing layer sha256:4cd576d9aa16961244012223abf01445567b061f1814b57dfef699e4cf8df339 [K
using existing layer sha256:c5ad996bda6eed4df6e3b605a9869647624851ac248209d22fd5e2c0cc1121d3 [K
using existing layer sha256:6e4c38e1172f42fdbff13edf9a7a017679fb82b0fde415a3e8b3c31c6ed4a4e4 [K
using existing layer sha256:6fe220f207df97400720f9c561457c92b2c67eca5dd7314ccace825d558018da [K
writing manifest [K
success [K[?25h[?2026l
[?2026h[?25l[1Ggathering model components [K
using existing layer sha256:4cd576d9aa16961244012223abf01445567b061f1814b57dfef699e4cf8df339 [K
using existing layer sha256:c5ad996bda6eed4df6e3b605a9869647624851ac248209d22fd5e2c0cc1121d3 [K
using existing layer sha256:6e4c38e1172f42fdbff13edf9a7a017679fb82b0fde415a3e8b3c31c6ed4a4e4 [K
using existing layer sha256:ceae0167665ad64f5adf7c77c9fc647c3b17ffc79745b4c8bc941275a11ff282 [K
writing manifest [K
success [K[?25h[?2026l
[?2026h[?25l[1Ggathering model components [K
using existing layer sha256:4cd576d9aa16961244012223abf01445567b061f1814b57dfef699e4cf8df339 [K
using existing layer sha256:c5ad996bda6eed4df6e3b605a9869647624851ac248209d22fd5e2c0cc1121d3 [K
using existing layer sha256:6e4c38e1172f42fdbff13edf9a7a017679fb82b0fde415a3e8b3c31c6ed4a4e4 [K
using existing layer sha256:aab9f3eba5b1f7bf09b1c34a7ab8ee1cebb5403af38add50757ce7ce93a803d1 [K
writing manifest [K
success [K[?25h[?2026l
[?2026h[?25l[1Ggathering model components [K
using existing layer sha256:4cd576d9aa16961244012223abf01445567b061f1814b57dfef699e4cf8df339 [K
using existing layer sha256:c5ad996bda6eed4df6e3b605a9869647624851ac248209d22fd5e2c0cc1121d3 [K
using existing layer sha256:6e4c38e1172f42fdbff13edf9a7a017679fb82b0fde415a3e8b3c31c6ed4a4e4 [K
using existing layer sha256:81ebeecfe265cc7b68ecc8632354bbca33c2a1f6e2ba59c14c81ebe184d9f52f [K
writing manifest [K
success [K[?25h[?2026l
[?2026h[?25l[1Ggathering model components [K
using existing layer sha256:4cd576d9aa16961244012223abf01445567b061f1814b57dfef699e4cf8df339 [K
using existing layer sha256:c5ad996bda6eed4df6e3b605a9869647624851ac248209d22fd5e2c0cc1121d3 [K
using existing layer sha256:6e4c38e1172f42fdbff13edf9a7a017679fb82b0fde415a3e8b3c31c6ed4a4e4 [K
creating new layer sha256:9d8fa65bdbaa1878f2ff1e5b552bb7b4cdd4c7e97a861487099036381e80482f [K
writing manifest [K
success [K[?25h[?2026l
[?2026h[?25l[1Ggathering model components [K
using existing layer sha256:4cd576d9aa16961244012223abf01445567b061f1814b57dfef699e4cf8df339 [K
using existing layer sha256:c5ad996bda6eed4df6e3b605a9869647624851ac248209d22fd5e2c0cc1121d3 [K
using existing layer sha256:6e4c38e1172f42fdbff13edf9a7a017679fb82b0fde415a3e8b3c31c6ed4a4e4 [K
creating new layer sha256:c8c0973dd7d0301c430db6dd3bb178a27249dd54b0c256bdd5e54c94a2cfa53e [K
writing manifest [K
success [K[?25h[?2026l
[?2026h[?25l[1Ggathering model components [K
using existing layer sha256:ecdedd393ed15c5cd32bb4ae6240db958f600d757daa64aab531656964b13b9c [K
using existing layer sha256:399a8a5a36db7e6f011306e5720ce0d84dcc6f7b71765a05c6e74e323b6965a2 [K
using existing layer sha256:24ca191a372b46ea0a07eaa1c5fdb3d983be200f32cc15dcc308fca1421c87d5 [K
using existing layer sha256:399a8a5a36db7e6f011306e5720ce0d84dcc6f7b71765a05c6e74e323b6965a2 [K
using existing layer sha256:24ca191a372b46ea0a07eaa1c5fdb3d983be200f32cc15dcc308fca1421c87d5 [K
using existing layer sha256:161e5d878840c25325b232fc8d3d67bc0b65d8cb81a36e8c6e7dfb609f48c5d2 [K
using existing layer sha256:fc1ffc71ab8ebabe8ec0177ea8ee41d1ea27db856636a517d54324eecdfb3f11 [K
using existing layer sha256:399a8a5a36db7e6f011306e5720ce0d84dcc6f7b71765a05c6e74e323b6965a2 [K
using existing layer sha256:24ca191a372b46ea0a07eaa1c5fdb3d983be200f32cc15dcc308fca1421c87d5 [K
creating new layer sha256:65e1955552c8c32f077c5877eb5c1f3023317175db889f12d932a4cd7af4fef9 [K
writing manifest [K
success [K[?25h[?2026l
[?2026h[?25l[1Ggathering model components [K
using existing layer sha256:ecdedd393ed15c5cd32bb4ae6240db958f600d757daa64aab531656964b13b9c [K
using existing layer sha256:399a8a5a36db7e6f011306e5720ce0d84dcc6f7b71765a05c6e74e323b6965a2 [K
using existing layer sha256:24ca191a372b46ea0a07eaa1c5fdb3d983be200f32cc15dcc308fca1421c87d5 [K
using existing layer sha256:399a8a5a36db7e6f011306e5720ce0d84dcc6f7b71765a05c6e74e323b6965a2 [K
using existing layer sha256:24ca191a372b46ea0a07eaa1c5fdb3d983be200f32cc15dcc308fca1421c87d5 [K
using existing layer sha256:161e5d878840c25325b232fc8d3d67bc0b65d8cb81a36e8c6e7dfb609f48c5d2 [K
using existing layer sha256:fc1ffc71ab8ebabe8ec0177ea8ee41d1ea27db856636a517d54324eecdfb3f11 [K
using existing layer sha256:399a8a5a36db7e6f011306e5720ce0d84dcc6f7b71765a05c6e74e323b6965a2 [K
using existing layer sha256:24ca191a372b46ea0a07eaa1c5fdb3d983be200f32cc15dcc308fca1421c87d5 [K
creating new layer sha256:277ba734284822189b94ec38b27d747c73ee33292c04bc8990f20221120ab933 [K
writing manifest [K
success [K[?25h[?2026l
[?2026h[?25l[1Ggathering model components [K
using existing layer sha256:ecdedd393ed15c5cd32bb4ae6240db958f600d757daa64aab531656964b13b9c [K
using existing layer sha256:399a8a5a36db7e6f011306e5720ce0d84dcc6f7b71765a05c6e74e323b6965a2 [K
using existing layer sha256:24ca191a372b46ea0a07eaa1c5fdb3d983be200f32cc15dcc308fca1421c87d5 [K
using existing layer sha256:399a8a5a36db7e6f011306e5720ce0d84dcc6f7b71765a05c6e74e323b6965a2 [K
using existing layer sha256:24ca191a372b46ea0a07eaa1c5fdb3d983be200f32cc15dcc308fca1421c87d5 [K
using existing layer sha256:161e5d878840c25325b232fc8d3d67bc0b65d8cb81a36e8c6e7dfb609f48c5d2 [K
using existing layer sha256:fc1ffc71ab8ebabe8ec0177ea8ee41d1ea27db856636a517d54324eecdfb3f11 [K
using existing layer sha256:399a8a5a36db7e6f011306e5720ce0d84dcc6f7b71765a05c6e74e323b6965a2 [K
using existing layer sha256:24ca191a372b46ea0a07eaa1c5fdb3d983be200f32cc15dcc308fca1421c87d5 [K
creating new layer sha256:da158d720c9bfe2189b812aad7c3a74eb24efde46f94885b80bc39838cd9983a [K
writing manifest [K
success [K[?25h[?2026l
[?2026h[?25l[1Ggathering model components [K
using existing layer sha256:ecdedd393ed15c5cd32bb4ae6240db958f600d757daa64aab531656964b13b9c [K
using existing layer sha256:399a8a5a36db7e6f011306e5720ce0d84dcc6f7b71765a05c6e74e323b6965a2 [K
using existing layer sha256:24ca191a372b46ea0a07eaa1c5fdb3d983be200f32cc15dcc308fca1421c87d5 [K
using existing layer sha256:399a8a5a36db7e6f011306e5720ce0d84dcc6f7b71765a05c6e74e323b6965a2 [K
using existing layer sha256:24ca191a372b46ea0a07eaa1c5fdb3d983be200f32cc15dcc308fca1421c87d5 [K
using existing layer sha256:161e5d878840c25325b232fc8d3d67bc0b65d8cb81a36e8c6e7dfb609f48c5d2 [K
using existing layer sha256:fc1ffc71ab8ebabe8ec0177ea8ee41d1ea27db856636a517d54324eecdfb3f11 [K
using existing layer sha256:399a8a5a36db7e6f011306e5720ce0d84dcc6f7b71765a05c6e74e323b6965a2 [K
using existing layer sha256:24ca191a372b46ea0a07eaa1c5fdb3d983be200f32cc15dcc308fca1421c87d5 [K
creating new layer sha256:a5736242307bb442b49ac6add8a78dfbf818ff90077402cf2c3c71e88a4dc9ee [K
writing manifest [K
success [K[?25h[?2026l
[?2026h[?25l[1Ggathering model components [K
using existing layer sha256:ecdedd393ed15c5cd32bb4ae6240db958f600d757daa64aab531656964b13b9c [K
using existing layer sha256:399a8a5a36db7e6f011306e5720ce0d84dcc6f7b71765a05c6e74e323b6965a2 [K
using existing layer sha256:24ca191a372b46ea0a07eaa1c5fdb3d983be200f32cc15dcc308fca1421c87d5 [K
using existing layer sha256:399a8a5a36db7e6f011306e5720ce0d84dcc6f7b71765a05c6e74e323b6965a2 [K
using existing layer sha256:24ca191a372b46ea0a07eaa1c5fdb3d983be200f32cc15dcc308fca1421c87d5 [K
using existing layer sha256:161e5d878840c25325b232fc8d3d67bc0b65d8cb81a36e8c6e7dfb609f48c5d2 [K
using existing layer sha256:fc1ffc71ab8ebabe8ec0177ea8ee41d1ea27db856636a517d54324eecdfb3f11 [K
using existing layer sha256:399a8a5a36db7e6f011306e5720ce0d84dcc6f7b71765a05c6e74e323b6965a2 [K
using existing layer sha256:24ca191a372b46ea0a07eaa1c5fdb3d983be200f32cc15dcc308fca1421c87d5 [K
creating new layer sha256:40d709d1a653105501667580a941f4e15c3bf885c57d13b69d21aef8d5aaab35 [K
writing manifest [K
success [K[?25h[?2026l
[?2026h[?25l[1Ggathering model components [K
using existing layer sha256:ecdedd393ed15c5cd32bb4ae6240db958f600d757daa64aab531656964b13b9c [K
using existing layer sha256:399a8a5a36db7e6f011306e5720ce0d84dcc6f7b71765a05c6e74e323b6965a2 [K
using existing layer sha256:24ca191a372b46ea0a07eaa1c5fdb3d983be200f32cc15dcc308fca1421c87d5 [K
using existing layer sha256:399a8a5a36db7e6f011306e5720ce0d84dcc6f7b71765a05c6e74e323b6965a2 [K
using existing layer sha256:24ca191a372b46ea0a07eaa1c5fdb3d983be200f32cc15dcc308fca1421c87d5 [K
using existing layer sha256:161e5d878840c25325b232fc8d3d67bc0b65d8cb81a36e8c6e7dfb609f48c5d2 [K
using existing layer sha256:fc1ffc71ab8ebabe8ec0177ea8ee41d1ea27db856636a517d54324eecdfb3f11 [K
using existing layer sha256:399a8a5a36db7e6f011306e5720ce0d84dcc6f7b71765a05c6e74e323b6965a2 [K
using existing layer sha256:24ca191a372b46ea0a07eaa1c5fdb3d983be200f32cc15dcc308fca1421c87d5 [K
creating new layer sha256:e29460215be95479ff84b9cad46dd606d49fda38997a6cdcd6a224e8277d1588 [K
writing manifest [K
success [K[?25h[?2026l
[?2026h[?25l[1Ggathering model components [K
using existing layer sha256:ecdedd393ed15c5cd32bb4ae6240db958f600d757daa64aab531656964b13b9c [K
using existing layer sha256:399a8a5a36db7e6f011306e5720ce0d84dcc6f7b71765a05c6e74e323b6965a2 [K
using existing layer sha256:24ca191a372b46ea0a07eaa1c5fdb3d983be200f32cc15dcc308fca1421c87d5 [K
using existing layer sha256:399a8a5a36db7e6f011306e5720ce0d84dcc6f7b71765a05c6e74e323b6965a2 [K
using existing layer sha256:24ca191a372b46ea0a07eaa1c5fdb3d983be200f32cc15dcc308fca1421c87d5 [K
using existing layer sha256:161e5d878840c25325b232fc8d3d67bc0b65d8cb81a36e8c6e7dfb609f48c5d2 [K
using existing layer sha256:fc1ffc71ab8ebabe8ec0177ea8ee41d1ea27db856636a517d54324eecdfb3f11 [K
using existing layer sha256:399a8a5a36db7e6f011306e5720ce0d84dcc6f7b71765a05c6e74e323b6965a2 [K
using existing layer sha256:24ca191a372b46ea0a07eaa1c5fdb3d983be200f32cc15dcc308fca1421c87d5 [K
creating new layer sha256:86e18db81592cffd4b4cdd1cc9550bc19ad176f302c02091cc4ee3c8d584ab0a [K
writing manifest [K
success [K[?25h[?2026l
[?2026h[?25l[1Ggathering model components [K
using existing layer sha256:ecdedd393ed15c5cd32bb4ae6240db958f600d757daa64aab531656964b13b9c [K
using existing layer sha256:399a8a5a36db7e6f011306e5720ce0d84dcc6f7b71765a05c6e74e323b6965a2 [K
using existing layer sha256:24ca191a372b46ea0a07eaa1c5fdb3d983be200f32cc15dcc308fca1421c87d5 [K
using existing layer sha256:399a8a5a36db7e6f011306e5720ce0d84dcc6f7b71765a05c6e74e323b6965a2 [K
using existing layer sha256:24ca191a372b46ea0a07eaa1c5fdb3d983be200f32cc15dcc308fca1421c87d5 [K
using existing layer sha256:161e5d878840c25325b232fc8d3d67bc0b65d8cb81a36e8c6e7dfb609f48c5d2 [K
using existing layer sha256:fc1ffc71ab8ebabe8ec0177ea8ee41d1ea27db856636a517d54324eecdfb3f11 [K
using existing layer sha256:399a8a5a36db7e6f011306e5720ce0d84dcc6f7b71765a05c6e74e323b6965a2 [K
using existing layer sha256:24ca191a372b46ea0a07eaa1c5fdb3d983be200f32cc15dcc308fca1421c87d5 [K
using existing layer sha256:303bf02c57414b48fda47c327763b9b22f71ebfae20005def4ff3af9014dde0e [K
writing manifest [K
success [K[?25h[?2026l
[?2026h[?25l[1Ggathering model components [K
using existing layer sha256:ecdedd393ed15c5cd32bb4ae6240db958f600d757daa64aab531656964b13b9c [K
using existing layer sha256:399a8a5a36db7e6f011306e5720ce0d84dcc6f7b71765a05c6e74e323b6965a2 [K
using existing layer sha256:24ca191a372b46ea0a07eaa1c5fdb3d983be200f32cc15dcc308fca1421c87d5 [K
using existing layer sha256:399a8a5a36db7e6f011306e5720ce0d84dcc6f7b71765a05c6e74e323b6965a2 [K
using existing layer sha256:24ca191a372b46ea0a07eaa1c5fdb3d983be200f32cc15dcc308fca1421c87d5 [K
using existing layer sha256:161e5d878840c25325b232fc8d3d67bc0b65d8cb81a36e8c6e7dfb609f48c5d2 [K
using existing layer sha256:fc1ffc71ab8ebabe8ec0177ea8ee41d1ea27db856636a517d54324eecdfb3f11 [K
using existing layer sha256:399a8a5a36db7e6f011306e5720ce0d84dcc6f7b71765a05c6e74e323b6965a2 [K
using existing layer sha256:24ca191a372b46ea0a07eaa1c5fdb3d983be200f32cc15dcc308fca1421c87d5 [K
using existing layer sha256:cc10aef6dc68a1728ffc5529e52e5f974138904384f48116143f646d0e9c2ee0 [K
writing manifest [K
success [K[?25h[?2026l
[?2026h[?25l[1Ggathering model components [K
using existing layer sha256:ecdedd393ed15c5cd32bb4ae6240db958f600d757daa64aab531656964b13b9c [K
using existing layer sha256:399a8a5a36db7e6f011306e5720ce0d84dcc6f7b71765a05c6e74e323b6965a2 [K
using existing layer sha256:24ca191a372b46ea0a07eaa1c5fdb3d983be200f32cc15dcc308fca1421c87d5 [K
using existing layer sha256:399a8a5a36db7e6f011306e5720ce0d84dcc6f7b71765a05c6e74e323b6965a2 [K
using existing layer sha256:24ca191a372b46ea0a07eaa1c5fdb3d983be200f32cc15dcc308fca1421c87d5 [K
using existing layer sha256:161e5d878840c25325b232fc8d3d67bc0b65d8cb81a36e8c6e7dfb609f48c5d2 [K
using existing layer sha256:fc1ffc71ab8ebabe8ec0177ea8ee41d1ea27db856636a517d54324eecdfb3f11 [K
using existing layer sha256:399a8a5a36db7e6f011306e5720ce0d84dcc6f7b71765a05c6e74e323b6965a2 [K
using existing layer sha256:24ca191a372b46ea0a07eaa1c5fdb3d983be200f32cc15dcc308fca1421c87d5 [K
creating new layer sha256:65e1955552c8c32f077c5877eb5c1f3023317175db889f12d932a4cd7af4fef9 [K
writing manifest [K
success [K[?25h[?2026l
[?2026h[?25l[1Ggathering model components [K
using existing layer sha256:ecdedd393ed15c5cd32bb4ae6240db958f600d757daa64aab531656964b13b9c [K
using existing layer sha256:399a8a5a36db7e6f011306e5720ce0d84dcc6f7b71765a05c6e74e323b6965a2 [K
using existing layer sha256:24ca191a372b46ea0a07eaa1c5fdb3d983be200f32cc15dcc308fca1421c87d5 [K
using existing layer sha256:399a8a5a36db7e6f011306e5720ce0d84dcc6f7b71765a05c6e74e323b6965a2 [K
using existing layer sha256:24ca191a372b46ea0a07eaa1c5fdb3d983be200f32cc15dcc308fca1421c87d5 [K
using existing layer sha256:161e5d878840c25325b232fc8d3d67bc0b65d8cb81a36e8c6e7dfb609f48c5d2 [K
using existing layer sha256:fc1ffc71ab8ebabe8ec0177ea8ee41d1ea27db856636a517d54324eecdfb3f11 [K
using existing layer sha256:399a8a5a36db7e6f011306e5720ce0d84dcc6f7b71765a05c6e74e323b6965a2 [K
using existing layer sha256:24ca191a372b46ea0a07eaa1c5fdb3d983be200f32cc15dcc308fca1421c87d5 [K
creating new layer sha256:277ba734284822189b94ec38b27d747c73ee33292c04bc8990f20221120ab933 [K
writing manifest [K
success [K[?25h[?2026l
[?2026h[?25l[1Ggathering model components [K
using existing layer sha256:ecdedd393ed15c5cd32bb4ae6240db958f600d757daa64aab531656964b13b9c [K
using existing layer sha256:399a8a5a36db7e6f011306e5720ce0d84dcc6f7b71765a05c6e74e323b6965a2 [K
using existing layer sha256:24ca191a372b46ea0a07eaa1c5fdb3d983be200f32cc15dcc308fca1421c87d5 [K
using existing layer sha256:399a8a5a36db7e6f011306e5720ce0d84dcc6f7b71765a05c6e74e323b6965a2 [K
using existing layer sha256:24ca191a372b46ea0a07eaa1c5fdb3d983be200f32cc15dcc308fca1421c87d5 [K
using existing layer sha256:161e5d878840c25325b232fc8d3d67bc0b65d8cb81a36e8c6e7dfb609f48c5d2 [K
using existing layer sha256:fc1ffc71ab8ebabe8ec0177ea8ee41d1ea27db856636a517d54324eecdfb3f11 [K
using existing layer sha256:399a8a5a36db7e6f011306e5720ce0d84dcc6f7b71765a05c6e74e323b6965a2 [K
using existing layer sha256:24ca191a372b46ea0a07eaa1c5fdb3d983be200f32cc15dcc308fca1421c87d5 [K
creating new layer sha256:da158d720c9bfe2189b812aad7c3a74eb24efde46f94885b80bc39838cd9983a [K
writing manifest [K
success [K[?25h[?2026l
[?2026h[?25l[1Ggathering model components [K
using existing layer sha256:ecdedd393ed15c5cd32bb4ae6240db958f600d757daa64aab531656964b13b9c [K
using existing layer sha256:399a8a5a36db7e6f011306e5720ce0d84dcc6f7b71765a05c6e74e323b6965a2 [K
using existing layer sha256:24ca191a372b46ea0a07eaa1c5fdb3d983be200f32cc15dcc308fca1421c87d5 [K
using existing layer sha256:399a8a5a36db7e6f011306e5720ce0d84dcc6f7b71765a05c6e74e323b6965a2 [K
using existing layer sha256:24ca191a372b46ea0a07eaa1c5fdb3d983be200f32cc15dcc308fca1421c87d5 [K
using existing layer sha256:161e5d878840c25325b232fc8d3d67bc0b65d8cb81a36e8c6e7dfb609f48c5d2 [K
using existing layer sha256:fc1ffc71ab8ebabe8ec0177ea8ee41d1ea27db856636a517d54324eecdfb3f11 [K
using existing layer sha256:399a8a5a36db7e6f011306e5720ce0d84dcc6f7b71765a05c6e74e323b6965a2 [K
using existing layer sha256:24ca191a372b46ea0a07eaa1c5fdb3d983be200f32cc15dcc308fca1421c87d5 [K
creating new layer sha256:a5736242307bb442b49ac6add8a78dfbf818ff90077402cf2c3c71e88a4dc9ee [K
writing manifest [K
success [K[?25h[?2026l
[?2026h[?25l[1Ggathering model components [K
using existing layer sha256:ecdedd393ed15c5cd32bb4ae6240db958f600d757daa64aab531656964b13b9c [K
using existing layer sha256:399a8a5a36db7e6f011306e5720ce0d84dcc6f7b71765a05c6e74e323b6965a2 [K
using existing layer sha256:24ca191a372b46ea0a07eaa1c5fdb3d983be200f32cc15dcc308fca1421c87d5 [K
using existing layer sha256:399a8a5a36db7e6f011306e5720ce0d84dcc6f7b71765a05c6e74e323b6965a2 [K
using existing layer sha256:24ca191a372b46ea0a07eaa1c5fdb3d983be200f32cc15dcc308fca1421c87d5 [K
using existing layer sha256:161e5d878840c25325b232fc8d3d67bc0b65d8cb81a36e8c6e7dfb609f48c5d2 [K
using existing layer sha256:fc1ffc71ab8ebabe8ec0177ea8ee41d1ea27db856636a517d54324eecdfb3f11 [K
using existing layer sha256:399a8a5a36db7e6f011306e5720ce0d84dcc6f7b71765a05c6e74e323b6965a2 [K
using existing layer sha256:24ca191a372b46ea0a07eaa1c5fdb3d983be200f32cc15dcc308fca1421c87d5 [K
creating new layer sha256:40d709d1a653105501667580a941f4e15c3bf885c57d13b69d21aef8d5aaab35 [K
writing manifest [K
success [K[?25h[?2026l
[?2026h[?25l[1Ggathering model components [K
using existing layer sha256:ecdedd393ed15c5cd32bb4ae6240db958f600d757daa64aab531656964b13b9c [K
using existing layer sha256:399a8a5a36db7e6f011306e5720ce0d84dcc6f7b71765a05c6e74e323b6965a2 [K
using existing layer sha256:24ca191a372b46ea0a07eaa1c5fdb3d983be200f32cc15dcc308fca1421c87d5 [K
using existing layer sha256:399a8a5a36db7e6f011306e5720ce0d84dcc6f7b71765a05c6e74e323b6965a2 [K
using existing layer sha256:24ca191a372b46ea0a07eaa1c5fdb3d983be200f32cc15dcc308fca1421c87d5 [K
using existing layer sha256:161e5d878840c25325b232fc8d3d67bc0b65d8cb81a36e8c6e7dfb609f48c5d2 [K
using existing layer sha256:fc1ffc71ab8ebabe8ec0177ea8ee41d1ea27db856636a517d54324eecdfb3f11 [K
using existing layer sha256:399a8a5a36db7e6f011306e5720ce0d84dcc6f7b71765a05c6e74e323b6965a2 [K
using existing layer sha256:24ca191a372b46ea0a07eaa1c5fdb3d983be200f32cc15dcc308fca1421c87d5 [K
creating new layer sha256:e29460215be95479ff84b9cad46dd606d49fda38997a6cdcd6a224e8277d1588 [K
writing manifest [K
success [K[?25h[?2026l
[?2026h[?25l[1Ggathering model components [K
using existing layer sha256:ecdedd393ed15c5cd32bb4ae6240db958f600d757daa64aab531656964b13b9c [K
using existing layer sha256:399a8a5a36db7e6f011306e5720ce0d84dcc6f7b71765a05c6e74e323b6965a2 [K
using existing layer sha256:24ca191a372b46ea0a07eaa1c5fdb3d983be200f32cc15dcc308fca1421c87d5 [K
using existing layer sha256:399a8a5a36db7e6f011306e5720ce0d84dcc6f7b71765a05c6e74e323b6965a2 [K
using existing layer sha256:24ca191a372b46ea0a07eaa1c5fdb3d983be200f32cc15dcc308fca1421c87d5 [K
using existing layer sha256:161e5d878840c25325b232fc8d3d67bc0b65d8cb81a36e8c6e7dfb609f48c5d2 [K
using existing layer sha256:fc1ffc71ab8ebabe8ec0177ea8ee41d1ea27db856636a517d54324eecdfb3f11 [K
using existing layer sha256:399a8a5a36db7e6f011306e5720ce0d84dcc6f7b71765a05c6e74e323b6965a2 [K
using existing layer sha256:24ca191a372b46ea0a07eaa1c5fdb3d983be200f32cc15dcc308fca1421c87d5 [K
creating new layer sha256:86e18db81592cffd4b4cdd1cc9550bc19ad176f302c02091cc4ee3c8d584ab0a [K
writing manifest [K
success [K[?25h[?2026l
[?2026h[?25l[1Ggathering model components [K
using existing layer sha256:ecdedd393ed15c5cd32bb4ae6240db958f600d757daa64aab531656964b13b9c [K
using existing layer sha256:399a8a5a36db7e6f011306e5720ce0d84dcc6f7b71765a05c6e74e323b6965a2 [K
using existing layer sha256:24ca191a372b46ea0a07eaa1c5fdb3d983be200f32cc15dcc308fca1421c87d5 [K
using existing layer sha256:399a8a5a36db7e6f011306e5720ce0d84dcc6f7b71765a05c6e74e323b6965a2 [K
using existing layer sha256:24ca191a372b46ea0a07eaa1c5fdb3d983be200f32cc15dcc308fca1421c87d5 [K
using existing layer sha256:161e5d878840c25325b232fc8d3d67bc0b65d8cb81a36e8c6e7dfb609f48c5d2 [K
using existing layer sha256:fc1ffc71ab8ebabe8ec0177ea8ee41d1ea27db856636a517d54324eecdfb3f11 [K
using existing layer sha256:399a8a5a36db7e6f011306e5720ce0d84dcc6f7b71765a05c6e74e323b6965a2 [K
using existing layer sha256:24ca191a372b46ea0a07eaa1c5fdb3d983be200f32cc15dcc308fca1421c87d5 [K
using existing layer sha256:303bf02c57414b48fda47c327763b9b22f71ebfae20005def4ff3af9014dde0e [K
writing manifest [K
success [K[?25h[?2026l
[?2026h[?25l[1Ggathering model components [K
using existing layer sha256:ecdedd393ed15c5cd32bb4ae6240db958f600d757daa64aab531656964b13b9c [K
using existing layer sha256:399a8a5a36db7e6f011306e5720ce0d84dcc6f7b71765a05c6e74e323b6965a2 [K
using existing layer sha256:24ca191a372b46ea0a07eaa1c5fdb3d983be200f32cc15dcc308fca1421c87d5 [K
using existing layer sha256:399a8a5a36db7e6f011306e5720ce0d84dcc6f7b71765a05c6e74e323b6965a2 [K
using existing layer sha256:24ca191a372b46ea0a07eaa1c5fdb3d983be200f32cc15dcc308fca1421c87d5 [K
using existing layer sha256:161e5d878840c25325b232fc8d3d67bc0b65d8cb81a36e8c6e7dfb609f48c5d2 [K
using existing layer sha256:fc1ffc71ab8ebabe8ec0177ea8ee41d1ea27db856636a517d54324eecdfb3f11 [K
using existing layer sha256:399a8a5a36db7e6f011306e5720ce0d84dcc6f7b71765a05c6e74e323b6965a2 [K
using existing layer sha256:24ca191a372b46ea0a07eaa1c5fdb3d983be200f32cc15dcc308fca1421c87d5 [K
using existing layer sha256:cc10aef6dc68a1728ffc5529e52e5f974138904384f48116143f646d0e9c2ee0 [K
writing manifest [K
success [K[?25h[?2026l
